{"C:\\Users\\USER\\Desktop\\Ken\\ATLP-todo-app\\Main-app\\src\\index.ts": {"path":"C:\\Users\\USER\\Desktop\\Ken\\ATLP-todo-app\\Main-app\\src\\index.ts","statementMap":{"0":{"start":{"line":1,"column":0},"end":{"line":1,"column":53}},"1":{"start":{"line":2,"column":0},"end":{"line":2,"column":46}},"2":{"start":{"line":3,"column":0},"end":{"line":3,"column":37}},"3":{"start":{"line":4,"column":0},"end":{"line":4,"column":45}},"4":{"start":{"line":5,"column":0},"end":{"line":5,"column":45}},"5":{"start":{"line":6,"column":0},"end":{"line":6,"column":54}},"6":{"start":{"line":7,"column":0},"end":{"line":7,"column":43}},"7":{"start":{"line":8,"column":0},"end":{"line":8,"column":41}},"8":{"start":{"line":10,"column":12},"end":{"line":10,"column":21}},"9":{"start":{"line":11,"column":13},"end":{"line":11,"column":37}},"10":{"start":{"line":13,"column":0},"end":{"line":13,"column":52}},"11":{"start":{"line":14,"column":20},"end":{"line":31,"column":4}},"12":{"start":{"line":35,"column":0},"end":{"line":35,"column":51}},"13":{"start":{"line":36,"column":0},"end":{"line":36,"column":27}},"14":{"start":{"line":38,"column":0},"end":{"line":38,"column":41}},"15":{"start":{"line":39,"column":0},"end":{"line":39,"column":29}},"16":{"start":{"line":41,"column":14},"end":{"line":41,"column":39}},"17":{"start":{"line":44,"column":0},"end":{"line":44,"column":62}},"18":{"start":{"line":47,"column":0},"end":{"line":49,"column":3}},"19":{"start":{"line":48,"column":4},"end":{"line":48,"column":65}},"20":{"start":{"line":51,"column":0},"end":{"line":51,"column":19}}},"fnMap":{"0":{"name":"(anonymous_1)","decl":{"start":{"line":47,"column":17},"end":{"line":47,"column":20}},"loc":{"start":{"line":47,"column":22},"end":{"line":49,"column":1}}}},"branchMap":{"0":{"loc":{"start":{"line":11,"column":13},"end":{"line":11,"column":37}},"type":"binary-expr","locations":[{"start":{"line":11,"column":13},"end":{"line":11,"column":29}},{"start":{"line":11,"column":33},"end":{"line":11,"column":37}}]}},"s":{"0":1,"1":1,"2":1,"3":1,"4":1,"5":1,"6":1,"7":1,"8":1,"9":1,"10":1,"11":1,"12":1,"13":1,"14":1,"15":1,"16":1,"17":1,"18":1,"19":1,"20":1},"f":{"0":1},"b":{"0":[1,1]}}
,"C:\\Users\\USER\\Desktop\\Ken\\ATLP-todo-app\\Main-app\\src\\middleware\\authMiddleware.ts": {"path":"C:\\Users\\USER\\Desktop\\Ken\\ATLP-todo-app\\Main-app\\src\\middleware\\authMiddleware.ts","statementMap":{"0":{"start":{"line":1,"column":0},"end":{"line":1,"column":47}},"1":{"start":{"line":8,"column":20},"end":{"line":22,"column":1}},"2":{"start":{"line":9,"column":16},"end":{"line":9,"column":59}},"3":{"start":{"line":11,"column":2},"end":{"line":13,"column":3}},"4":{"start":{"line":12,"column":4},"end":{"line":12,"column":82}},"5":{"start":{"line":15,"column":2},"end":{"line":21,"column":5}},"6":{"start":{"line":16,"column":4},"end":{"line":18,"column":5}},"7":{"start":{"line":17,"column":6},"end":{"line":17,"column":80}},"8":{"start":{"line":19,"column":4},"end":{"line":19,"column":37}},"9":{"start":{"line":20,"column":4},"end":{"line":20,"column":11}},"10":{"start":{"line":24,"column":0},"end":{"line":24,"column":27}}},"fnMap":{"0":{"name":"(anonymous_1)","decl":{"start":{"line":8,"column":20},"end":{"line":8,"column":21}},"loc":{"start":{"line":8,"column":78},"end":{"line":22,"column":1}}},"1":{"name":"(anonymous_2)","decl":{"start":{"line":15,"column":39},"end":{"line":15,"column":40}},"loc":{"start":{"line":15,"column":56},"end":{"line":21,"column":3}}}},"branchMap":{"0":{"loc":{"start":{"line":9,"column":16},"end":{"line":9,"column":59}},"type":"cond-expr","locations":[{"start":{"line":9,"column":44},"end":{"line":9,"column":46}},{"start":{"line":9,"column":44},"end":{"line":9,"column":59}}]},"1":{"loc":{"start":{"line":9,"column":16},"end":{"line":9,"column":46}},"type":"binary-expr","locations":[{"start":{"line":9,"column":16},"end":{"line":9,"column":46}},{"start":{"line":9,"column":44},"end":{"line":9,"column":46}}]},"2":{"loc":{"start":{"line":11,"column":2},"end":{"line":13,"column":3}},"type":"if","locations":[{"start":{"line":11,"column":2},"end":{"line":13,"column":3}}]},"3":{"loc":{"start":{"line":16,"column":4},"end":{"line":18,"column":5}},"type":"if","locations":[{"start":{"line":16,"column":4},"end":{"line":18,"column":5}}]}},"s":{"0":1,"1":1,"2":0,"3":0,"4":0,"5":0,"6":0,"7":0,"8":0,"9":0,"10":1},"f":{"0":0,"1":0},"b":{"0":[0,0],"1":[0,0],"2":[0],"3":[0]}}
,"C:\\Users\\USER\\Desktop\\Ken\\ATLP-todo-app\\Main-app\\src\\models\\Todo.ts": {"path":"C:\\Users\\USER\\Desktop\\Ken\\ATLP-todo-app\\Main-app\\src\\models\\Todo.ts","statementMap":{"0":{"start":{"line":1,"column":0},"end":{"line":1,"column":44}},"1":{"start":{"line":12,"column":19},"end":{"line":34,"column":2}},"2":{"start":{"line":23,"column":12},"end":{"line":31,"column":14}},"3":{"start":{"line":36,"column":0},"end":{"line":36,"column":57}}},"fnMap":{"0":{"name":"(anonymous_1)","decl":{"start":{"line":22,"column":19},"end":{"line":22,"column":20}},"loc":{"start":{"line":22,"column":32},"end":{"line":32,"column":9}}}},"branchMap":{},"s":{"0":2,"1":2,"2":0,"3":2},"f":{"0":0},"b":{}}
,"C:\\Users\\USER\\Desktop\\Ken\\ATLP-todo-app\\Main-app\\src\\models\\auth.ts": {"path":"C:\\Users\\USER\\Desktop\\Ken\\ATLP-todo-app\\Main-app\\src\\models\\auth.ts","statementMap":{"0":{"start":{"line":2,"column":0},"end":{"line":2,"column":44}},"1":{"start":{"line":10,"column":19},"end":{"line":26,"column":null}},"2":{"start":{"line":18,"column":12},"end":{"line":23,"column":null}},"3":{"start":{"line":45,"column":0},"end":{"line":45,"column":57}}},"fnMap":{"0":{"name":"(anonymous_1)","decl":{"start":{"line":17,"column":19},"end":{"line":17,"column":20}},"loc":{"start":{"line":17,"column":32},"end":{"line":24,"column":9}}}},"branchMap":{},"s":{"0":1,"1":1,"2":4,"3":1},"f":{"0":4},"b":{}}
,"C:\\Users\\USER\\Desktop\\Ken\\ATLP-todo-app\\Main-app\\src\\routes\\authRoutes.ts": {"path":"C:\\Users\\USER\\Desktop\\Ken\\ATLP-todo-app\\Main-app\\src\\routes\\authRoutes.ts","statementMap":{"0":{"start":{"line":1,"column":0},"end":{"line":1,"column":53}},"1":{"start":{"line":2,"column":0},"end":{"line":2,"column":33}},"2":{"start":{"line":3,"column":0},"end":{"line":3,"column":38}},"3":{"start":{"line":4,"column":0},"end":{"line":4,"column":31}},"4":{"start":{"line":6,"column":15},"end":{"line":6,"column":31}},"5":{"start":{"line":20,"column":0},"end":{"line":24,"column":null}},"6":{"start":{"line":20,"column":57},"end":{"line":24,"column":2}},"7":{"start":{"line":21,"column":17},"end":{"line":21,"column":34}},"8":{"start":{"line":22,"column":4},"end":{"line":22,"column":19}},"9":{"start":{"line":38,"column":0},"end":{"line":42,"column":null}},"10":{"start":{"line":38,"column":61},"end":{"line":42,"column":2}},"11":{"start":{"line":39,"column":17},"end":{"line":39,"column":27}},"12":{"start":{"line":40,"column":21},"end":{"line":40,"column":51}},"13":{"start":{"line":41,"column":4},"end":{"line":41,"column":23}},"14":{"start":{"line":56,"column":0},"end":{"line":69,"column":3}},"15":{"start":{"line":56,"column":56},"end":{"line":69,"column":2}},"16":{"start":{"line":57,"column":4},"end":{"line":57,"column":null}},"17":{"start":{"line":58,"column":40},"end":{"line":58,"column":48}},"18":{"start":{"line":59,"column":23},"end":{"line":59,"column":25}},"19":{"start":{"line":60,"column":27},"end":{"line":60,"column":66}},"20":{"start":{"line":61,"column":17},"end":{"line":65,"column":6}},"21":{"start":{"line":66,"column":4},"end":{"line":66,"column":22}},"22":{"start":{"line":67,"column":4},"end":{"line":67,"column":null}},"23":{"start":{"line":83,"column":0},"end":{"line":105,"column":3}},"24":{"start":{"line":83,"column":60},"end":{"line":105,"column":2}},"25":{"start":{"line":84,"column":35},"end":{"line":84,"column":43}},"26":{"start":{"line":86,"column":4},"end":{"line":104,"column":5}},"27":{"start":{"line":87,"column":21},"end":{"line":87,"column":53}},"28":{"start":{"line":89,"column":8},"end":{"line":91,"column":9}},"29":{"start":{"line":90,"column":12},"end":{"line":90,"column":85}},"30":{"start":{"line":93,"column":30},"end":{"line":93,"column":75}},"31":{"start":{"line":95,"column":8},"end":{"line":100,"column":9}},"32":{"start":{"line":96,"column":26},"end":{"line":96,"column":117}},"33":{"start":{"line":97,"column":12},"end":{"line":97,"column":68}},"34":{"start":{"line":99,"column":12},"end":{"line":99,"column":85}},"35":{"start":{"line":102,"column":8},"end":{"line":102,"column":27}},"36":{"start":{"line":103,"column":8},"end":{"line":103,"column":54}},"37":{"start":{"line":118,"column":0},"end":{"line":140,"column":null}},"38":{"start":{"line":118,"column":60},"end":{"line":140,"column":2}},"39":{"start":{"line":119,"column":16},"end":{"line":119,"column":26}},"40":{"start":{"line":120,"column":40},"end":{"line":120,"column":48}},"41":{"start":{"line":121,"column":23},"end":{"line":121,"column":25}},"42":{"start":{"line":122,"column":26},"end":{"line":122,"column":45}},"43":{"start":{"line":124,"column":4},"end":{"line":126,"column":5}},"44":{"start":{"line":125,"column":8},"end":{"line":125,"column":70}},"45":{"start":{"line":128,"column":4},"end":{"line":139,"column":5}},"46":{"start":{"line":129,"column":21},"end":{"line":129,"column":87}},"47":{"start":{"line":131,"column":8},"end":{"line":133,"column":9}},"48":{"start":{"line":132,"column":12},"end":{"line":132,"column":69}},"49":{"start":{"line":135,"column":8},"end":{"line":135,"column":23}},"50":{"start":{"line":137,"column":8},"end":{"line":137,"column":27}},"51":{"start":{"line":138,"column":8},"end":{"line":138,"column":54}},"52":{"start":{"line":153,"column":0},"end":{"line":168,"column":3}},"53":{"start":{"line":153,"column":65},"end":{"line":168,"column":2}},"54":{"start":{"line":154,"column":19},"end":{"line":154,"column":29}},"55":{"start":{"line":156,"column":4},"end":{"line":167,"column":5}},"56":{"start":{"line":157,"column":21},"end":{"line":157,"column":53}},"57":{"start":{"line":159,"column":8},"end":{"line":161,"column":9}},"58":{"start":{"line":160,"column":12},"end":{"line":160,"column":69}},"59":{"start":{"line":163,"column":8},"end":{"line":163,"column":59}},"60":{"start":{"line":165,"column":8},"end":{"line":165,"column":27}},"61":{"start":{"line":166,"column":8},"end":{"line":166,"column":54}},"62":{"start":{"line":171,"column":0},"end":{"line":171,"column":22}}},"fnMap":{"0":{"name":"(anonymous_8)","decl":{"start":{"line":20,"column":20},"end":{"line":20,"column":27}},"loc":{"start":{"line":20,"column":57},"end":{"line":24,"column":2}}},"1":{"name":"(anonymous_9)","decl":{"start":{"line":20,"column":57},"end":{"line":20,"column":null}},"loc":{"start":{"line":20,"column":57},"end":{"line":24,"column":1}}},"2":{"name":"(anonymous_10)","decl":{"start":{"line":38,"column":25},"end":{"line":38,"column":31}},"loc":{"start":{"line":38,"column":61},"end":{"line":42,"column":2}}},"3":{"name":"(anonymous_11)","decl":{"start":{"line":38,"column":61},"end":{"line":38,"column":null}},"loc":{"start":{"line":38,"column":61},"end":{"line":42,"column":1}}},"4":{"name":"(anonymous_12)","decl":{"start":{"line":56,"column":21},"end":{"line":56,"column":27}},"loc":{"start":{"line":56,"column":56},"end":{"line":69,"column":2}}},"5":{"name":"(anonymous_13)","decl":{"start":{"line":56,"column":56},"end":{"line":56,"column":null}},"loc":{"start":{"line":56,"column":56},"end":{"line":69,"column":1}}},"6":{"name":"(anonymous_14)","decl":{"start":{"line":83,"column":22},"end":{"line":83,"column":29}},"loc":{"start":{"line":83,"column":60},"end":{"line":105,"column":2}}},"7":{"name":"(anonymous_15)","decl":{"start":{"line":83,"column":60},"end":{"line":83,"column":null}},"loc":{"start":{"line":83,"column":60},"end":{"line":105,"column":1}}},"8":{"name":"(anonymous_16)","decl":{"start":{"line":118,"column":24},"end":{"line":118,"column":30}},"loc":{"start":{"line":118,"column":60},"end":{"line":140,"column":2}}},"9":{"name":"(anonymous_17)","decl":{"start":{"line":118,"column":60},"end":{"line":118,"column":null}},"loc":{"start":{"line":118,"column":60},"end":{"line":140,"column":1}}},"10":{"name":"(anonymous_18)","decl":{"start":{"line":153,"column":27},"end":{"line":153,"column":34}},"loc":{"start":{"line":153,"column":65},"end":{"line":168,"column":2}}},"11":{"name":"(anonymous_19)","decl":{"start":{"line":153,"column":65},"end":{"line":153,"column":null}},"loc":{"start":{"line":153,"column":65},"end":{"line":168,"column":1}}}},"branchMap":{"0":{"loc":{"start":{"line":89,"column":8},"end":{"line":91,"column":9}},"type":"if","locations":[{"start":{"line":89,"column":8},"end":{"line":91,"column":9}}]},"1":{"loc":{"start":{"line":95,"column":8},"end":{"line":100,"column":9}},"type":"if","locations":[{"start":{"line":95,"column":8},"end":{"line":100,"column":9}},{"start":{"line":98,"column":15},"end":{"line":100,"column":9}}]},"2":{"loc":{"start":{"line":124,"column":4},"end":{"line":126,"column":5}},"type":"if","locations":[{"start":{"line":124,"column":4},"end":{"line":126,"column":5}}]},"3":{"loc":{"start":{"line":131,"column":8},"end":{"line":133,"column":9}},"type":"if","locations":[{"start":{"line":131,"column":8},"end":{"line":133,"column":9}}]},"4":{"loc":{"start":{"line":159,"column":8},"end":{"line":161,"column":9}},"type":"if","locations":[{"start":{"line":159,"column":8},"end":{"line":161,"column":9}}]}},"s":{"0":1,"1":1,"2":1,"3":1,"4":1,"5":1,"6":2,"7":2,"8":2,"9":1,"10":0,"11":0,"12":0,"13":0,"14":1,"15":0,"16":0,"17":0,"18":0,"19":0,"20":0,"21":0,"22":0,"23":1,"24":0,"25":0,"26":0,"27":0,"28":0,"29":0,"30":0,"31":0,"32":0,"33":0,"34":0,"35":0,"36":0,"37":1,"38":0,"39":0,"40":0,"41":0,"42":0,"43":0,"44":0,"45":0,"46":0,"47":0,"48":0,"49":0,"50":0,"51":0,"52":1,"53":0,"54":0,"55":0,"56":0,"57":0,"58":0,"59":0,"60":0,"61":0,"62":1},"f":{"0":2,"1":2,"2":0,"3":0,"4":0,"5":0,"6":0,"7":0,"8":0,"9":0,"10":0,"11":0},"b":{"0":[0],"1":[0,0],"2":[0],"3":[0],"4":[0]}}
,"C:\\Users\\USER\\Desktop\\Ken\\ATLP-todo-app\\Main-app\\src\\routes\\todoRoutes.ts": {"path":"C:\\Users\\USER\\Desktop\\Ken\\ATLP-todo-app\\Main-app\\src\\routes\\todoRoutes.ts","statementMap":{"0":{"start":{"line":1,"column":0},"end":{"line":1,"column":53}},"1":{"start":{"line":2,"column":0},"end":{"line":2,"column":34}},"2":{"start":{"line":3,"column":0},"end":{"line":3,"column":55}},"3":{"start":{"line":5,"column":15},"end":{"line":5,"column":31}},"4":{"start":{"line":7,"column":0},"end":{"line":7,"column":24}},"5":{"start":{"line":20,"column":0},"end":{"line":28,"column":3}},"6":{"start":{"line":20,"column":59},"end":{"line":28,"column":2}},"7":{"start":{"line":21,"column":4},"end":{"line":27,"column":5}},"8":{"start":{"line":22,"column":22},"end":{"line":22,"column":39}},"9":{"start":{"line":23,"column":8},"end":{"line":23,"column":24}},"10":{"start":{"line":25,"column":8},"end":{"line":25,"column":27}},"11":{"start":{"line":26,"column":8},"end":{"line":26,"column":65}},"12":{"start":{"line":30,"column":0},"end":{"line":38,"column":3}},"13":{"start":{"line":30,"column":54},"end":{"line":38,"column":2}},"14":{"start":{"line":31,"column":4},"end":{"line":37,"column":5}},"15":{"start":{"line":32,"column":22},"end":{"line":32,"column":39}},"16":{"start":{"line":33,"column":8},"end":{"line":33,"column":24}},"17":{"start":{"line":35,"column":8},"end":{"line":35,"column":27}},"18":{"start":{"line":36,"column":8},"end":{"line":36,"column":65}},"19":{"start":{"line":50,"column":0},"end":{"line":65,"column":3}},"20":{"start":{"line":50,"column":60},"end":{"line":65,"column":2}},"21":{"start":{"line":51,"column":4},"end":{"line":51,"column":65}},"22":{"start":{"line":53,"column":15},"end":{"line":53,"column":47}},"23":{"start":{"line":54,"column":63},"end":{"line":54,"column":71}},"24":{"start":{"line":55,"column":17},"end":{"line":62,"column":6}},"25":{"start":{"line":63,"column":4},"end":{"line":63,"column":22}},"26":{"start":{"line":64,"column":4},"end":{"line":64,"column":19}},"27":{"start":{"line":77,"column":0},"end":{"line":89,"column":3}},"28":{"start":{"line":77,"column":63},"end":{"line":89,"column":2}},"29":{"start":{"line":78,"column":63},"end":{"line":78,"column":71}},"30":{"start":{"line":79,"column":19},"end":{"line":79,"column":29}},"31":{"start":{"line":80,"column":17},"end":{"line":86,"column":6}},"32":{"start":{"line":87,"column":4},"end":{"line":87,"column":42}},"33":{"start":{"line":88,"column":4},"end":{"line":88,"column":null}},"34":{"start":{"line":101,"column":0},"end":{"line":105,"column":3}},"35":{"start":{"line":101,"column":66},"end":{"line":105,"column":2}},"36":{"start":{"line":102,"column":19},"end":{"line":102,"column":29}},"37":{"start":{"line":103,"column":4},"end":{"line":103,"column":44}},"38":{"start":{"line":104,"column":4},"end":{"line":104,"column":42}},"39":{"start":{"line":107,"column":0},"end":{"line":107,"column":22}}},"fnMap":{"0":{"name":"(anonymous_8)","decl":{"start":{"line":20,"column":21},"end":{"line":20,"column":28}},"loc":{"start":{"line":20,"column":59},"end":{"line":28,"column":2}}},"1":{"name":"(anonymous_9)","decl":{"start":{"line":20,"column":59},"end":{"line":20,"column":null}},"loc":{"start":{"line":20,"column":59},"end":{"line":28,"column":1}}},"2":{"name":"(anonymous_10)","decl":{"start":{"line":30,"column":16},"end":{"line":30,"column":23}},"loc":{"start":{"line":30,"column":54},"end":{"line":38,"column":2}}},"3":{"name":"(anonymous_11)","decl":{"start":{"line":30,"column":54},"end":{"line":30,"column":null}},"loc":{"start":{"line":30,"column":54},"end":{"line":38,"column":1}}},"4":{"name":"(anonymous_12)","decl":{"start":{"line":50,"column":22},"end":{"line":50,"column":29}},"loc":{"start":{"line":50,"column":60},"end":{"line":65,"column":2}}},"5":{"name":"(anonymous_13)","decl":{"start":{"line":50,"column":60},"end":{"line":50,"column":null}},"loc":{"start":{"line":50,"column":60},"end":{"line":65,"column":1}}},"6":{"name":"(anonymous_14)","decl":{"start":{"line":77,"column":25},"end":{"line":77,"column":32}},"loc":{"start":{"line":77,"column":63},"end":{"line":89,"column":2}}},"7":{"name":"(anonymous_15)","decl":{"start":{"line":77,"column":63},"end":{"line":77,"column":null}},"loc":{"start":{"line":77,"column":63},"end":{"line":89,"column":1}}},"8":{"name":"(anonymous_16)","decl":{"start":{"line":101,"column":28},"end":{"line":101,"column":35}},"loc":{"start":{"line":101,"column":66},"end":{"line":105,"column":2}}},"9":{"name":"(anonymous_17)","decl":{"start":{"line":101,"column":66},"end":{"line":101,"column":null}},"loc":{"start":{"line":101,"column":66},"end":{"line":105,"column":1}}}},"branchMap":{},"s":{"0":1,"1":1,"2":1,"3":1,"4":1,"5":1,"6":0,"7":0,"8":0,"9":0,"10":0,"11":0,"12":1,"13":0,"14":0,"15":0,"16":0,"17":0,"18":0,"19":1,"20":0,"21":0,"22":0,"23":0,"24":0,"25":0,"26":0,"27":1,"28":0,"29":0,"30":0,"31":0,"32":0,"33":0,"34":1,"35":0,"36":0,"37":0,"38":0,"39":1},"f":{"0":0,"1":0,"2":0,"3":0,"4":0,"5":0,"6":0,"7":0,"8":0,"9":0},"b":{}}
}
