TN:
SF:src\index.ts
FN:47,(anonymous_1)
FNF:1
FNH:1
FNDA:1,(anonymous_1)
DA:1,1
DA:2,1
DA:3,1
DA:4,1
DA:5,1
DA:6,1
DA:7,1
DA:8,1
DA:10,1
DA:11,1
DA:13,1
DA:14,1
DA:35,1
DA:36,1
DA:38,1
DA:39,1
DA:41,1
DA:44,1
DA:47,1
DA:48,1
DA:51,1
LF:21
LH:21
BRDA:11,0,0,1
BRDA:11,0,1,1
BRF:2
BRH:2
end_of_record
TN:
SF:src\middleware\authMiddleware.ts
FN:8,(anonymous_1)
FN:15,(anonymous_2)
FNF:2
FNH:0
FNDA:0,(anonymous_1)
FNDA:0,(anonymous_2)
DA:1,1
DA:8,1
DA:9,0
DA:11,0
DA:12,0
DA:15,0
DA:16,0
DA:17,0
DA:19,0
DA:20,0
DA:24,1
LF:11
LH:3
BRDA:9,0,0,0
BRDA:9,0,1,0
BRDA:9,1,0,0
BRDA:9,1,1,0
BRDA:11,2,0,0
BRDA:16,3,0,0
BRF:6
BRH:0
end_of_record
TN:
SF:src\models\Todo.ts
FN:22,(anonymous_1)
FNF:1
FNH:0
FNDA:0,(anonymous_1)
DA:1,2
DA:12,2
DA:23,0
DA:36,2
LF:4
LH:3
BRF:0
BRH:0
end_of_record
TN:
SF:src\models\auth.ts
FN:17,(anonymous_1)
FNF:1
FNH:1
FNDA:4,(anonymous_1)
DA:2,1
DA:10,1
DA:18,4
DA:45,1
LF:4
LH:4
BRF:0
BRH:0
end_of_record
TN:
SF:src\routes\authRoutes.ts
FN:20,(anonymous_8)
FN:20,(anonymous_9)
FN:38,(anonymous_10)
FN:38,(anonymous_11)
FN:56,(anonymous_12)
FN:56,(anonymous_13)
FN:83,(anonymous_14)
FN:83,(anonymous_15)
FN:118,(anonymous_16)
FN:118,(anonymous_17)
FN:153,(anonymous_18)
FN:153,(anonymous_19)
FNF:12
FNH:2
FNDA:2,(anonymous_8)
FNDA:2,(anonymous_9)
FNDA:0,(anonymous_10)
FNDA:0,(anonymous_11)
FNDA:0,(anonymous_12)
FNDA:0,(anonymous_13)
FNDA:0,(anonymous_14)
FNDA:0,(anonymous_15)
FNDA:0,(anonymous_16)
FNDA:0,(anonymous_17)
FNDA:0,(anonymous_18)
FNDA:0,(anonymous_19)
DA:1,1
DA:2,1
DA:3,1
DA:4,1
DA:6,1
DA:20,2
DA:21,2
DA:22,2
DA:38,1
DA:39,0
DA:40,0
DA:41,0
DA:56,1
DA:57,0
DA:58,0
DA:59,0
DA:60,0
DA:61,0
DA:66,0
DA:67,0
DA:83,1
DA:84,0
DA:86,0
DA:87,0
DA:89,0
DA:90,0
DA:93,0
DA:95,0
DA:96,0
DA:97,0
DA:99,0
DA:102,0
DA:103,0
DA:118,1
DA:119,0
DA:120,0
DA:121,0
DA:122,0
DA:124,0
DA:125,0
DA:128,0
DA:129,0
DA:131,0
DA:132,0
DA:135,0
DA:137,0
DA:138,0
DA:153,1
DA:154,0
DA:156,0
DA:157,0
DA:159,0
DA:160,0
DA:163,0
DA:165,0
DA:166,0
DA:171,1
LF:57
LH:14
BRDA:89,0,0,0
BRDA:95,1,0,0
BRDA:95,1,1,0
BRDA:124,2,0,0
BRDA:131,3,0,0
BRDA:159,4,0,0
BRF:6
BRH:0
end_of_record
TN:
SF:src\routes\todoRoutes.ts
FN:20,(anonymous_8)
FN:20,(anonymous_9)
FN:30,(anonymous_10)
FN:30,(anonymous_11)
FN:50,(anonymous_12)
FN:50,(anonymous_13)
FN:77,(anonymous_14)
FN:77,(anonymous_15)
FN:101,(anonymous_16)
FN:101,(anonymous_17)
FNF:10
FNH:0
FNDA:0,(anonymous_8)
FNDA:0,(anonymous_9)
FNDA:0,(anonymous_10)
FNDA:0,(anonymous_11)
FNDA:0,(anonymous_12)
FNDA:0,(anonymous_13)
FNDA:0,(anonymous_14)
FNDA:0,(anonymous_15)
FNDA:0,(anonymous_16)
FNDA:0,(anonymous_17)
DA:1,1
DA:2,1
DA:3,1
DA:5,1
DA:7,1
DA:20,1
DA:21,0
DA:22,0
DA:23,0
DA:25,0
DA:26,0
DA:30,1
DA:31,0
DA:32,0
DA:33,0
DA:35,0
DA:36,0
DA:50,1
DA:51,0
DA:53,0
DA:54,0
DA:55,0
DA:63,0
DA:64,0
DA:77,1
DA:78,0
DA:79,0
DA:80,0
DA:87,0
DA:88,0
DA:101,1
DA:102,0
DA:103,0
DA:104,0
DA:107,1
LF:35
LH:11
BRF:0
BRH:0
end_of_record
